#
# There is insufficient memory for the Java Runtime Environment to continue.
# Native memory allocation (malloc) failed to allocate 1122576 bytes for Chunk::new
# Possible reasons:
#   The system is out of physical RAM or swap space
#   In 32 bit mode, the process size limit was hit
# Possible solutions:
#   Reduce memory load on the system
#   Increase physical memory or swap space
#   Check if swap backing store is full
#   Use 64 bit Java on a 64 bit OS
#   Decrease Java heap size (-Xmx/-Xms)
#   Decrease number of Java threads
#   Decrease Java thread stack sizes (-Xss)
#   Set larger code cache with -XX:ReservedCodeCacheSize=
# This output file may be truncated or incomplete.
#
#  Out of Memory Error (allocation.cpp:390), pid=7900, tid=0x0000000000001618
#
# JRE version: OpenJDK Runtime Environment (8.0_76-b03) (build 1.8.0_76-release-b03)
# Java VM: OpenJDK 64-Bit Server VM (25.76-b03 mixed mode windows-amd64 compressed oops)
# Failed to write core dump. Minidumps are not enabled by default on client versions of Windows
#

---------------  T H R E A D  ---------------

Current thread (0x000000001656b000):  JavaThread "C2 CompilerThread0" daemon [_thread_in_native, id=5656, stack(0x0000000017bc0000,0x0000000017cc0000)]

Stack: [0x0000000017bc0000,0x0000000017cc0000]
[error occurred during error reporting (printing stack bounds), id 0xc0000005]

Native frames: (J=compiled Java code, j=interpreted, Vv=VM code, C=native code)


Current CompileTask:
C2:  31900 6760       4       org.apache.ivy.core.IvyPatternHelper::substituteVariables (213 bytes)


---------------  P R O C E S S  ---------------

Java Threads: ( => current thread )
  0x0000000019620000 JavaThread "Stdin handler" [_thread_blocked, id=6236, stack(0x0000000022820000,0x0000000022920000)]
  0x000000001961e000 JavaThread "Asynchronous log dispatcher for org.gradle.launcher.daemon.server.DefaultDaemonConnection@1ab0a7e" [_thread_blocked, id=8240, stack(0x0000000022720000,0x0000000022820000)]
  0x0000000019624800 JavaThread "Cancel handler" [_thread_blocked, id=9836, stack(0x0000000022620000,0x0000000022720000)]
  0x000000001961e800 JavaThread "Handler for socket connection from /127.0.0.1:11743 to /127.0.0.1:11756" [_thread_in_native, id=7932, stack(0x00000000220b0000,0x00000000221b0000)]
  0x0000000019621800 JavaThread "pool-2-thread-1" [_thread_blocked, id=9736, stack(0x000000001ecf0000,0x000000001edf0000)]
  0x000000001bff3800 JavaThread "File lock request listener" [_thread_in_native, id=10396, stack(0x000000001d420000,0x000000001d520000)]
  0x00000000193c2000 JavaThread "Daemon worker" [_thread_in_native, id=6756, stack(0x000000001ab80000,0x000000001ac80000)]
  0x00000000193b4000 JavaThread "Daemon" [_thread_blocked, id=5836, stack(0x000000001a880000,0x000000001a980000)]
  0x0000000019281000 JavaThread "pool-1-thread-1" [_thread_blocked, id=11252, stack(0x000000001a780000,0x000000001a880000)]
  0x00000000190b8800 JavaThread "Incoming local TCP Connector on port 11743" [_thread_in_native, id=8752, stack(0x000000001a080000,0x000000001a180000)]
  0x0000000017edb000 JavaThread "Service Thread" daemon [_thread_blocked, id=7484, stack(0x00000000182c0000,0x00000000183c0000)]
  0x0000000016570000 JavaThread "C1 CompilerThread2" daemon [_thread_blocked, id=9236, stack(0x0000000017dc0000,0x0000000017ec0000)]
  0x000000001656d000 JavaThread "C2 CompilerThread1" daemon [_thread_in_native, id=1568, stack(0x0000000017cc0000,0x0000000017dc0000)]
=>0x000000001656b000 JavaThread "C2 CompilerThread0" daemon [_thread_in_native, id=5656, stack(0x0000000017bc0000,0x0000000017cc0000)]
  0x0000000016569800 JavaThread "Attach Listener" daemon [_thread_blocked, id=10284, stack(0x0000000017ac0000,0x0000000017bc0000)]
  0x0000000016575800 JavaThread "Signal Dispatcher" daemon [_thread_blocked, id=4240, stack(0x00000000179c0000,0x0000000017ac0000)]
  0x0000000016558800 JavaThread "Finalizer" daemon [_thread_blocked, id=7444, stack(0x00000000177d0000,0x00000000178d0000)]
  0x0000000002bf0800 JavaThread "Reference Handler" daemon [_thread_blocked, id=10008, stack(0x00000000176d0000,0x00000000177d0000)]
  0x0000000002b00800 JavaThread "main" [_thread_blocked, id=6448, stack(0x0000000002a00000,0x0000000002b00000)]

Other Threads:
  0x0000000016536000 VMThread [stack: 0x00000000175d0000,0x00000000176d0000] [id=10276]
  0x0000000017ede800 WatcherThread [stack: 0x00000000183c0000,0x00000000184c0000] [id=10892]

VM state:not at safepoint (normal execution)

VM Mutex/Monitor currently owned by a thread: None

Heap:
 PSYoungGen      total 125952K, used 42194K [0x00000000e0000000, 0x00000000e9b80000, 0x0000000100000000)
  eden space 103936K, 40% used [0x00000000e0000000,0x00000000e2934a70,0x00000000e6580000)
  from space 22016K, 0% used [0x00000000e6580000,0x00000000e6580000,0x00000000e7b00000)
  to   space 23552K, 0% used [0x00000000e8480000,0x00000000e8480000,0x00000000e9b80000)
 ParOldGen       total 104448K, used 40574K [0x00000000a0000000, 0x00000000a6600000, 0x00000000e0000000)
  object space 104448K, 38% used [0x00000000a0000000,0x00000000a279f8b8,0x00000000a6600000)
 Metaspace       used 52365K, capacity 54466K, committed 54528K, reserved 1095680K
  class space    used 7179K, capacity 7680K, committed 7680K, reserved 1048576K

Card table byte_map: [0x0000000011fc0000,0x00000000122d0000] byte_map_base: 0x0000000011ac0000

Marking Bits: (ParMarkBitMap*) 0x000000006a249d00
 Begin Bits: [0x00000000128d0000, 0x00000000140d0000)
 End Bits:   [0x00000000140d0000, 0x00000000158d0000)

Polling page: 0x0000000000e10000

CodeCache: size=245760Kb used=21649Kb max_used=21649Kb free=224110Kb
 bounds [0x0000000002c00000, 0x0000000004140000, 0x0000000011c00000]
 total_blobs=6767 nmethods=6059 adapters=620
 compilation: enabled

Compilation events (10 events):
Event: 31.872 Thread 0x0000000016570000 6795       3       sun.misc.URLClassPath$1::nextElement (5 bytes)
Event: 31.872 Thread 0x0000000016570000 nmethod 6795 0x0000000004127190 code [0x0000000004127320, 0x0000000004127638]
Event: 31.872 Thread 0x0000000016570000 6796       3       java.net.URLClassLoader$3::nextElement (5 bytes)
Event: 31.872 Thread 0x0000000016570000 nmethod 6796 0x0000000004126b90 code [0x0000000004126d20, 0x0000000004127038]
Event: 31.879 Thread 0x0000000016570000 6797   !   3       javax.xml.parsers.FactoryFinder::find (354 bytes)
Event: 31.883 Thread 0x0000000016570000 nmethod 6797 0x000000000412fe10 code [0x00000000041307c0, 0x0000000004137938]
Event: 31.883 Thread 0x0000000016570000 6798   !   3       javax.xml.parsers.FactoryFinder::findServiceProvider (61 bytes)
Event: 31.884 Thread 0x0000000016570000 nmethod 6798 0x0000000004125550 code [0x00000000041257a0, 0x00000000041264d8]
Event: 31.884 Thread 0x0000000016570000 6799       3       javax.xml.parsers.FactoryFinder$1::<init> (10 bytes)
Event: 31.884 Thread 0x0000000016570000 nmethod 6799 0x00000000041209d0 code [0x0000000004120b20, 0x0000000004120cf0]

GC Heap History (10 events):
Event: 10.692 GC heap before
{Heap before GC invocations=14 (full 2):
 PSYoungGen      total 81408K, used 78279K [0x00000000e0000000, 0x00000000e6b00000, 0x0000000100000000)
  eden space 70144K, 100% used [0x00000000e0000000,0x00000000e4480000,0x00000000e4480000)
  from space 11264K, 72% used [0x00000000e4480000,0x00000000e4c71c50,0x00000000e4f80000)
  to   space 11264K, 0% used [0x00000000e6000000,0x00000000e6000000,0x00000000e6b00000)
 ParOldGen       total 104448K, used 15475K [0x00000000a0000000, 0x00000000a6600000, 0x00000000e0000000)
  object space 104448K, 14% used [0x00000000a0000000,0x00000000a0f1ce80,0x00000000a6600000)
 Metaspace       used 44639K, capacity 45728K, committed 45824K, reserved 1089536K
  class space    used 6031K, capacity 6338K, committed 6400K, reserved 1048576K
Event: 10.704 GC heap after
Heap after GC invocations=14 (full 2):
 PSYoungGen      total 96768K, used 11240K [0x00000000e0000000, 0x00000000e6f00000, 0x0000000100000000)
  eden space 85504K, 0% used [0x00000000e0000000,0x00000000e0000000,0x00000000e5380000)
  from space 11264K, 99% used [0x00000000e6000000,0x00000000e6afa160,0x00000000e6b00000)
  to   space 12800K, 0% used [0x00000000e5380000,0x00000000e5380000,0x00000000e6000000)
 ParOldGen       total 104448K, used 16620K [0x00000000a0000000, 0x00000000a6600000, 0x00000000e0000000)
  object space 104448K, 15% used [0x00000000a0000000,0x00000000a103b358,0x00000000a6600000)
 Metaspace       used 44639K, capacity 45728K, committed 45824K, reserved 1089536K
  class space    used 6031K, capacity 6338K, committed 6400K, reserved 1048576K
}
Event: 11.948 GC heap before
{Heap before GC invocations=15 (full 2):
 PSYoungGen      total 96768K, used 96744K [0x00000000e0000000, 0x00000000e6f00000, 0x0000000100000000)
  eden space 85504K, 100% used [0x00000000e0000000,0x00000000e5380000,0x00000000e5380000)
  from space 11264K, 99% used [0x00000000e6000000,0x00000000e6afa160,0x00000000e6b00000)
  to   space 12800K, 0% used [0x00000000e5380000,0x00000000e5380000,0x00000000e6000000)
 ParOldGen       total 104448K, used 16620K [0x00000000a0000000, 0x00000000a6600000, 0x00000000e0000000)
  object space 104448K, 15% used [0x00000000a0000000,0x00000000a103b358,0x00000000a6600000)
 Metaspace       used 49405K, capacity 50816K, committed 51072K, reserved 1093632K
  class space    used 6689K, capacity 7040K, committed 7040K, reserved 1048576K
Event: 11.976 GC heap after
Heap after GC invocations=15 (full 2):
 PSYoungGen      total 98304K, used 12800K [0x00000000e0000000, 0x00000000e8b80000, 0x0000000100000000)
  eden space 85504K, 0% used [0x00000000e0000000,0x00000000e0000000,0x00000000e5380000)
  from space 12800K, 100% used [0x00000000e5380000,0x00000000e6000000,0x00000000e6000000)
  to   space 16896K, 0% used [0x00000000e7b00000,0x00000000e7b00000,0x00000000e8b80000)
 ParOldGen       total 104448K, used 22605K [0x00000000a0000000, 0x00000000a6600000, 0x00000000e0000000)
  object space 104448K, 21% used [0x00000000a0000000,0x00000000a1613678,0x00000000a6600000)
 Metaspace       used 49405K, capacity 50816K, committed 51072K, reserved 1093632K
  class space    used 6689K, capacity 7040K, committed 7040K, reserved 1048576K
}
Event: 12.840 GC heap before
{Heap before GC invocations=16 (full 2):
 PSYoungGen      total 98304K, used 98304K [0x00000000e0000000, 0x00000000e8b80000, 0x0000000100000000)
  eden space 85504K, 100% used [0x00000000e0000000,0x00000000e5380000,0x00000000e5380000)
  from space 12800K, 100% used [0x00000000e5380000,0x00000000e6000000,0x00000000e6000000)
  to   space 16896K, 0% used [0x00000000e7b00000,0x00000000e7b00000,0x00000000e8b80000)
 ParOldGen       total 104448K, used 22605K [0x00000000a0000000, 0x00000000a6600000, 0x00000000e0000000)
  object space 104448K, 21% used [0x00000000a0000000,0x00000000a1613678,0x00000000a6600000)
 Metaspace       used 51725K, capacity 53636K, committed 53760K, reserved 1095680K
  class space    used 7110K, capacity 7591K, committed 7680K, reserved 1048576K
Event: 12.869 GC heap after
Heap after GC invocations=16 (full 2):
 PSYoungGen      total 120832K, used 16864K [0x00000000e0000000, 0x00000000e9880000, 0x0000000100000000)
  eden space 103936K, 0% used [0x00000000e0000000,0x00000000e0000000,0x00000000e6580000)
  from space 16896K, 99% used [0x00000000e7b00000,0x00000000e8b781e8,0x00000000e8b80000)
  to   space 22016K, 0% used [0x00000000e6580000,0x00000000e6580000,0x00000000e7b00000)
 ParOldGen       total 104448K, used 30352K [0x00000000a0000000, 0x00000000a6600000, 0x00000000e0000000)
  object space 104448K, 29% used [0x00000000a0000000,0x00000000a1da40d0,0x00000000a6600000)
 Metaspace       used 51725K, capacity 53636K, committed 53760K, reserved 1095680K
  class space    used 7110K, capacity 7591K, committed 7680K, reserved 1048576K
}
Event: 12.948 GC heap before
{Heap before GC invocations=17 (full 2):
 PSYoungGen      total 120832K, used 23604K [0x00000000e0000000, 0x00000000e9880000, 0x0000000100000000)
  eden space 103936K, 6% used [0x00000000e0000000,0x00000000e0694f90,0x00000000e6580000)
  from space 16896K, 99% used [0x00000000e7b00000,0x00000000e8b781e8,0x00000000e8b80000)
  to   space 22016K, 0% used [0x00000000e6580000,0x00000000e6580000,0x00000000e7b00000)
 ParOldGen       total 104448K, used 30352K [0x00000000a0000000, 0x00000000a6600000, 0x00000000e0000000)
  object space 104448K, 29% used [0x00000000a0000000,0x00000000a1da40d0,0x00000000a6600000)
 Metaspace       used 52096K, capacity 54108K, committed 54272K, reserved 1095680K
  class space    used 7161K, capacity 7659K, committed 7680K, reserved 1048576K
Event: 12.966 GC heap after
Heap after GC invocations=17 (full 2):
 PSYoungGen      total 125952K, used 17824K [0x00000000e0000000, 0x00000000e9b80000, 0x0000000100000000)
  eden space 103936K, 0% used [0x00000000e0000000,0x00000000e0000000,0x00000000e6580000)
  from space 22016K, 80% used [0x00000000e6580000,0x00000000e76e8248,0x00000000e7b00000)
  to   space 23552K, 0% used [0x00000000e8480000,0x00000000e8480000,0x00000000e9b80000)
 ParOldGen       total 104448K, used 30360K [0x00000000a0000000, 0x00000000a6600000, 0x00000000e0000000)
  object space 104448K, 29% used [0x00000000a0000000,0x00000000a1da60d0,0x00000000a6600000)
 Metaspace       used 52096K, capacity 54108K, committed 54272K, reserved 1095680K
  class space    used 7161K, capacity 7659K, committed 7680K, reserved 1048576K
}
Event: 12.966 GC heap before
{Heap before GC invocations=18 (full 3):
 PSYoungGen      total 125952K, used 17824K [0x00000000e0000000, 0x00000000e9b80000, 0x0000000100000000)
  eden space 103936K, 0% used [0x00000000e0000000,0x00000000e0000000,0x00000000e6580000)
  from space 22016K, 80% used [0x00000000e6580000,0x00000000e76e8248,0x00000000e7b00000)
  to   space 23552K, 0% used [0x00000000e8480000,0x00000000e8480000,0x00000000e9b80000)
 ParOldGen       total 104448K, used 30360K [0x00000000a0000000, 0x00000000a6600000, 0x00000000e0000000)
  object space 104448K, 29% used [0x00000000a0000000,0x00000000a1da60d0,0x00000000a6600000)
 Metaspace       used 52096K, capacity 54108K, committed 54272K, reserved 1095680K
  class space    used 7161K, capacity 7659K, committed 7680K, reserved 1048576K
Event: 13.222 GC heap after
Heap after GC invocations=18 (full 3):
 PSYoungGen      total 125952K, used 0K [0x00000000e0000000, 0x00000000e9b80000, 0x0000000100000000)
  eden space 103936K, 0% used [0x00000000e0000000,0x00000000e0000000,0x00000000e6580000)
  from space 22016K, 0% used [0x00000000e6580000,0x00000000e6580000,0x00000000e7b00000)
  to   space 23552K, 0% used [0x00000000e8480000,0x00000000e8480000,0x00000000e9b80000)
 ParOldGen       total 104448K, used 40574K [0x00000000a0000000, 0x00000000a6600000, 0x00000000e0000000)
  object space 104448K, 38% used [0x00000000a0000000,0x00000000a279f8b8,0x00000000a6600000)
 Metaspace       used 52096K, capacity 54108K, committed 54272K, reserved 1095680K
  class space    used 7161K, capacity 7659K, committed 7680K, reserved 1048576K
}

Deoptimization events (10 events):
Event: 12.452 Thread 0x00000000193c2000 Uncommon trap: reason=class_check action=maybe_recompile pc=0x0000000003bc7a08 method=java.lang.reflect.Array.newInstance(Ljava/lang/Class;I)Ljava/lang/Object; @ 2
Event: 12.452 Thread 0x00000000193c2000 Uncommon trap: reason=class_check action=maybe_recompile pc=0x0000000003bc7a08 method=java.lang.reflect.Array.newInstance(Ljava/lang/Class;I)Ljava/lang/Object; @ 2
Event: 12.605 Thread 0x00000000193c2000 Uncommon trap: reason=null_check action=make_not_entrant pc=0x0000000003f16534 method=java.beans.PropertyDescriptor.findPropertyType(Ljava/lang/reflect/Method;Ljava/lang/reflect/Method;)Ljava/lang/Class; @ 157
Event: 12.782 Thread 0x00000000193c2000 Uncommon trap: reason=class_check action=maybe_recompile pc=0x00000000033af800 method=java.lang.Throwable.<init>(Ljava/lang/String;Ljava/lang/Throwable;)V @ 24
Event: 12.785 Thread 0x00000000193c2000 Uncommon trap: reason=unstable_if action=reinterpret pc=0x0000000003ae5eac method=java.util.regex.Matcher.appendReplacement(Ljava/lang/StringBuffer;Ljava/lang/String;)Ljava/util/regex/Matcher; @ 47
Event: 12.793 Thread 0x0000000019565000 Uncommon trap: reason=unstable_if action=reinterpret pc=0x0000000003784b1c method=com.esotericsoftware.kryo.io.Output.writeUtf8Length(I)V @ 4
Event: 12.804 Thread 0x00000000193c2000 Uncommon trap: reason=unstable_if action=reinterpret pc=0x00000000039c941c method=java.lang.reflect.Proxy.isProxyClass(Ljava/lang/Class;)Z @ 6
Event: 13.328 Thread 0x00000000193b7000 Uncommon trap: reason=unstable_if action=reinterpret pc=0x0000000003550ddc method=java.util.concurrent.locks.ReentrantLock$Sync.nonfairTryAcquire(I)Z @ 34
Event: 13.328 Thread 0x00000000193b7000 Uncommon trap: reason=unstable_if action=reinterpret pc=0x0000000003e936b4 method=java.util.concurrent.locks.ReentrantLock$Sync.nonfairTryAcquire(I)Z @ 34
Event: 13.329 Thread 0x00000000193b4000 Uncommon trap: reason=unstable_if action=reinterpret pc=0x000000000373f44c method=java.util.HashMap$HashIterator.<init>(Ljava/util/HashMap;)V @ 45

Internal exceptions (10 events):
Event: 13.271 Thread 0x00000000193b4000 Exception <a 'java/lang/NoSuchMethodError': <clinit>> (0x00000000e01be728) thrown at [C:\src\android\AOSP-openjdk\external\jetbrains\jdk\hotspot\src\share\vm\prims\jni.cpp, line 1591]
Event: 13.272 Thread 0x00000000193b4000 Exception <a 'java/lang/NoSuchMethodError': <clinit>> (0x00000000e01c82a0) thrown at [C:\src\android\AOSP-openjdk\external\jetbrains\jdk\hotspot\src\share\vm\prims\jni.cpp, line 1591]
Event: 13.275 Thread 0x00000000193b4000 Exception <a 'java/lang/NoSuchMethodError': <clinit>> (0x00000000e01d6b08) thrown at [C:\src\android\AOSP-openjdk\external\jetbrains\jdk\hotspot\src\share\vm\prims\jni.cpp, line 1591]
Event: 13.283 Thread 0x00000000193b4000 Exception <a 'java/lang/NoSuchMethodError': <clinit>> (0x00000000e01f5d50) thrown at [C:\src\android\AOSP-openjdk\external\jetbrains\jdk\hotspot\src\share\vm\prims\jni.cpp, line 1591]
Event: 13.283 Thread 0x00000000193b4000 Exception <a 'java/lang/NoSuchMethodError': <clinit>> (0x00000000e0201f48) thrown at [C:\src\android\AOSP-openjdk\external\jetbrains\jdk\hotspot\src\share\vm\prims\jni.cpp, line 1591]
Event: 13.317 Thread 0x00000000193b7000 Exception <a 'java/lang/NoSuchMethodError': <clinit>> (0x00000000e029cf88) thrown at [C:\src\android\AOSP-openjdk\external\jetbrains\jdk\hotspot\src\share\vm\prims\jni.cpp, line 1591]
Event: 30.661 Thread 0x000000001961e800 Exception <a 'java/lang/NoSuchMethodError': <clinit>> (0x00000000e0448cc0) thrown at [C:\src\android\AOSP-openjdk\external\jetbrains\jdk\hotspot\src\share\vm\prims\jni.cpp, line 1591]
Event: 30.664 Thread 0x000000001961e800 Exception <a 'java/lang/NoSuchMethodError': <clinit>> (0x00000000e04690d0) thrown at [C:\src\android\AOSP-openjdk\external\jetbrains\jdk\hotspot\src\share\vm\prims\jni.cpp, line 1591]
Event: 31.389 Thread 0x00000000193c2000 Exception <a 'java/lang/ClassNotFoundException': asLocalRepo1_sk96mikv3g8y1z12dmku3h76BeanInfo> (0x00000000e06482f0) thrown at [C:\src\android\AOSP-openjdk\external\jetbrains\jdk\hotspot\src\share\vm\classfile\systemDictionary.cpp, line 210]
Event: 31.390 Thread 0x00000000193c2000 Exception <a 'java/lang/ClassNotFoundException': asLocalRepo1_sk96mikv3g8y1z12dmku3h76Customizer> (0x00000000e0651c58) thrown at [C:\src\android\AOSP-openjdk\external\jetbrains\jdk\hotspot\src\share\vm\classfile\systemDictionary.cpp, line 210]

Events (10 events):
Event: 31.441 loading class asLocalRepo1_sk96mikv3g8y1z12dmku3h76$_run_closure1$_closure3
Event: 31.441 loading class asLocalRepo1_sk96mikv3g8y1z12dmku3h76$_run_closure1$_closure3 done
Event: 31.442 loading class groovy/runtime/metaclass/asLocalRepo1_sk96mikv3g8y1z12dmku3h76$_run_closure1$_closure3MetaClass
Event: 31.442 loading class groovy/runtime/metaclass/asLocalRepo1_sk96mikv3g8y1z12dmku3h76$_run_closure1$_closure3MetaClass done
Event: 31.442 loading class asLocalRepo1_sk96mikv3g8y1z12dmku3h76$_run_closure1$_closure3$_closure6
Event: 31.442 loading class asLocalRepo1_sk96mikv3g8y1z12dmku3h76$_run_closure1$_closure3$_closure6 done
Event: 31.443 loading class groovy/runtime/metaclass/asLocalRepo1_sk96mikv3g8y1z12dmku3h76$_run_closure1$_closure3$_closure6MetaClass
Event: 31.443 loading class groovy/runtime/metaclass/asLocalRepo1_sk96mikv3g8y1z12dmku3h76$_run_closure1$_closure3$_closure6MetaClass done
Event: 31.710 Thread 0x00000000193c2000 DEOPT PACKING pc=0x0000000002e8fc94 sp=0x000000001ac7b5f0
Event: 31.710 Thread 0x00000000193c2000 DEOPT UNPACKING pc=0x0000000002c475bf sp=0x000000001ac7b3b0 mode 0


Dynamic libraries:
0x00007ff702d60000 - 0x00007ff702d91000 	C:\Program Files\Android\Android Studio\jre\bin\java.exe
0x00007ff90a170000 - 0x00007ff90a341000 	C:\WINDOWS\SYSTEM32\ntdll.dll
0x00007ff907cb0000 - 0x00007ff907d5b000 	C:\WINDOWS\System32\KERNEL32.DLL
0x00007ff906c70000 - 0x00007ff906e8d000 	C:\WINDOWS\System32\KERNELBASE.dll
0x00007ff90a0c0000 - 0x00007ff90a162000 	C:\WINDOWS\System32\ADVAPI32.dll
0x00007ff909cf0000 - 0x00007ff909d8e000 	C:\WINDOWS\System32\msvcrt.dll
0x00007ff90a060000 - 0x00007ff90a0b9000 	C:\WINDOWS\System32\sechost.dll
0x00007ff9081a0000 - 0x00007ff9082c1000 	C:\WINDOWS\System32\RPCRT4.dll
0x00007ff907db0000 - 0x00007ff907f15000 	C:\WINDOWS\System32\USER32.dll
0x00007ff906a60000 - 0x00007ff906a7e000 	C:\WINDOWS\System32\win32u.dll
0x00007ff908000000 - 0x00007ff908034000 	C:\WINDOWS\System32\GDI32.dll
0x00007ff906e90000 - 0x00007ff907012000 	C:\WINDOWS\System32\gdi32full.dll
0x00007ff8fdf70000 - 0x00007ff8fe1e9000 	C:\WINDOWS\WinSxS\amd64_microsoft.windows.common-controls_6595b64144ccf1df_6.0.14393.447_none_42191651c6827bb3\COMCTL32.dll
0x00007ff909d90000 - 0x00007ff90a057000 	C:\WINDOWS\System32\combase.dll
0x00007ff906b20000 - 0x00007ff906c15000 	C:\WINDOWS\System32\ucrtbase.dll
0x00007ff906890000 - 0x00007ff9068fa000 	C:\WINDOWS\System32\bcryptPrimitives.dll
0x00007ff907d80000 - 0x00007ff907dae000 	C:\WINDOWS\System32\IMM32.DLL
0x0000000068b10000 - 0x0000000068be2000 	C:\Program Files\Android\Android Studio\jre\jre\bin\msvcr100.dll
0x0000000069a90000 - 0x000000006a2c4000 	C:\Program Files\Android\Android Studio\jre\jre\bin\server\jvm.dll
0x00007ff907ff0000 - 0x00007ff907ff8000 	C:\WINDOWS\System32\PSAPI.DLL
0x00007ff9006e0000 - 0x00007ff9006ea000 	C:\WINDOWS\SYSTEM32\VERSION.dll
0x00007ff904930000 - 0x00007ff904953000 	C:\WINDOWS\SYSTEM32\WINMM.dll
0x00007ff8ea400000 - 0x00007ff8ea409000 	C:\WINDOWS\SYSTEM32\WSOCK32.dll
0x00007ff907f20000 - 0x00007ff907f8a000 	C:\WINDOWS\System32\WS2_32.dll
0x00007ff904680000 - 0x00007ff9046ab000 	C:\WINDOWS\SYSTEM32\WINMMBASE.dll
0x00007ff906c20000 - 0x00007ff906c62000 	C:\WINDOWS\System32\cfgmgr32.dll
0x00007ff902af0000 - 0x00007ff902aff000 	C:\Program Files\Android\Android Studio\jre\jre\bin\verify.dll
0x00007ff900cb0000 - 0x00007ff900cd9000 	C:\Program Files\Android\Android Studio\jre\jre\bin\java.dll
0x00007ff900c90000 - 0x00007ff900ca6000 	C:\Program Files\Android\Android Studio\jre\jre\bin\zip.dll
0x00007ff908770000 - 0x00007ff909c79000 	C:\WINDOWS\System32\SHELL32.dll
0x00007ff907020000 - 0x00007ff9076fa000 	C:\WINDOWS\System32\windows.storage.dll
0x00007ff9065f0000 - 0x00007ff90663c000 	C:\WINDOWS\System32\powrprof.dll
0x00007ff907b30000 - 0x00007ff907b82000 	C:\WINDOWS\System32\shlwapi.dll
0x00007ff9065e0000 - 0x00007ff9065ef000 	C:\WINDOWS\System32\kernel.appcore.dll
0x00007ff906900000 - 0x00007ff9069a9000 	C:\WINDOWS\System32\shcore.dll
0x00007ff906640000 - 0x00007ff906654000 	C:\WINDOWS\System32\profapi.dll
0x00007ff900c70000 - 0x00007ff900c8a000 	C:\Program Files\Android\Android Studio\jre\jre\bin\net.dll
0x00007ff905dd0000 - 0x00007ff905e2c000 	C:\WINDOWS\system32\mswsock.dll
0x00007ff900c50000 - 0x00007ff900c61000 	C:\Program Files\Android\Android Studio\jre\jre\bin\nio.dll
0x00007ff8ea620000 - 0x00007ff8ea632000 	C:\Users\ProRock\.gradle\native\19\windows-amd64\native-platform.dll
0x00007ff906050000 - 0x00007ff906067000 	C:\WINDOWS\SYSTEM32\CRYPTSP.dll
0x00007ff905f50000 - 0x00007ff905f83000 	C:\WINDOWS\system32\rsaenh.dll
0x00007ff906510000 - 0x00007ff90653b000 	C:\WINDOWS\SYSTEM32\bcrypt.dll
0x00007ff905c60000 - 0x00007ff905c7f000 	C:\WINDOWS\SYSTEM32\USERENV.dll
0x00007ff906040000 - 0x00007ff90604b000 	C:\WINDOWS\SYSTEM32\CRYPTBASE.dll
0x00007ff905b60000 - 0x00007ff905b98000 	C:\WINDOWS\SYSTEM32\IPHLPAPI.DLL
0x00007ff907ca0000 - 0x00007ff907ca8000 	C:\WINDOWS\System32\NSI.dll
0x00007ff8ffce0000 - 0x00007ff8ffcf6000 	C:\WINDOWS\SYSTEM32\dhcpcsvc6.DLL
0x00007ff900410000 - 0x00007ff90042a000 	C:\WINDOWS\SYSTEM32\dhcpcsvc.DLL
0x00007ff902ae0000 - 0x00007ff902aed000 	C:\Program Files\Android\Android Studio\jre\jre\bin\management.dll

VM Arguments:
jvm_args: -Xmx1536m -Dfile.encoding=windows-1251 -Duser.country=US -Duser.language=en -Duser.variant 
java_command: org.gradle.launcher.daemon.bootstrap.GradleDaemon 2.14.1
java_class_path (initial): C:\Program Files\Android\Android Studio\gradle\gradle-2.14.1\lib\gradle-launcher-2.14.1.jar
Launcher Type: SUN_STANDARD

Environment Variables:
PATH=C:\Program Files\Docker\Docker\Resources\bin;C:\Windows\system32;C:\Windows;C:\Windows\System32\Wbem;C:\Windows\System32\WindowsPowerShell\v1.0\;C:\Users\ProRock\.dnx\bin;C:\Program Files\Microsoft DNX\Dnvm\;C:\Program Files\Microsoft SQL Server\130\Tools\Binn\;C:\Program Files (x86)\NVIDIA Corporation\PhysX\Common;C:\Program Files (x86)\Skype\Phone\;C:\WINDOWS\system32\config\systemprofile\.dnx\bin;C:\Program Files (x86)\Windows Kits\8.1\Windows Performance Toolkit\;C:\Program Files (x86)\Microsoft Emulator Manager\1.0\;C:\WINDOWS\system32;C:\WINDOWS;C:\WINDOWS\System32\Wbem;C:\WINDOWS\System32\WindowsPowerShell\v1.0\;C:\Program Files\Git\cmd;C:\WINDOWS\system32\Npcap;C:\Users\ProRock\AppData\Local\Programs\Python\Python35-32\Scripts\;C:\Users\ProRock\AppData\Local\Programs\Python\Python35-32\;C:\Program Files (x86)\Microsoft VS Code\bin;C:\Users\ProRock\AppData\Local\Microsoft\WindowsApps;
USERNAME=ProRock
OS=Windows_NT
PROCESSOR_IDENTIFIER=Intel64 Family 6 Model 58 Stepping 9, GenuineIntel



---------------  S Y S T E M  ---------------

OS: Windows 10.0 , 64 bit Build 14393 (10.0.14393.0)

CPU:total 4 (4 cores per cpu, 1 threads per core) family 6 model 58 stepping 9, cmov, cx8, fxsr, mmx, sse, sse2, sse3, ssse3, sse4.1, sse4.2, popcnt, avx, aes, clmul, erms, tsc, tscinvbit, tscinv

Memory: 4k page, physical 8348516k(1127576k free), swap 10021020k(5436k free)

vm_info: OpenJDK 64-Bit Server VM (25.76-b03) for windows-amd64 JRE (1.8.0_76-release-b03), built on Jun 29 2016 19:09:20 by "ralucas" with MS VC++ 10.0 (VS2010)

time: Sat Nov 19 00:29:29 2016
elapsed time: 31 seconds (0d 0h 0m 31s)

